Error processing file: 'Logger' object has no attribute 'exception'

Detailed error: Traceback (most recent call last): File "/home/runner/workspace/excel_metadata_extractor.py", line 293, in detect_regions drawings = self.extract_drawing_info(sheet, excel_zip, drawing_path) ^^^^^^^^^^^^^^^^^^^^^^^^^^^^^^^^^^^^^^^^^^^^^^^^^^^^^^^^^ File "/home/runner/workspace/excel_metadata_extractor.py", line 70, in extract_drawing_info return self.drawing_extractor.extract_drawing_info(sheet, excel_zip, drawing_path) ^^^^^^^^^^^^^^^^^^^^^^^^^^^^^^^^^^^^^^^^^^^^^^^^^^^^^^^^^^^^^^^^^^^^^^^^^^^ TypeError: DrawingExtractor.extract_drawing_info() missing 1 required positional argument: 'openai_helper'

During handling of the above exception, another exception occurred:

Traceback (most recent call last): File "/home/runner/workspace/excel_metadata_extractor.py", line 557, in get_sheet_metadata regions = self.detect_regions(sheet) ^^^^^^^^^^^^^^^^^^^^^^^^^^ File "/home/runner/workspace/excel_metadata_extractor.py", line 470, in detect_regions self.logger.exception(e) ^^^^^^^^^^^^^^^^^^^^^ AttributeError: 'Logger' object has no attribute 'exception'

During handling of the above exception, another exception occurred:

Traceback (most recent call last): File "/home/runner/workspace/excel_metadata_extractor.py", line 582, in extract_all_metadata sheets_metadata = self.get_sheet_metadata() ^^^^^^^^^^^^^^^^^^^^^^^^^ File "/home/runner/workspace/excel_metadata_extractor.py", line 575, in get_sheet_metadata self.logger.exception(e) ^^^^^^^^^^^^^^^^^^^^^ AttributeError: 'Logger' object has no attribute 'exception'

During handling of the above exception, another exception occurred:

Traceback (most recent call last): File "/home/runner/workspace/main.py", line 230, in main metadata = extractor.extract_all_metadata() ^^^^^^^^^^^^^^^^^^^^^^^^^^^^^^^^ File "/home/runner/workspace/excel_metadata_extractor.py", line 599, in extract_all_metadata self.logger.exception(e) ^^^^^^^^^^^^^^^^^^^^^ AttributeError: 'Logger' object has no attribute 'exception'